[05:21:30] [main/INFO]: Loading Minecraft 26.1.1 with Fabric Loader 0.19.2
[05:21:30] [main/WARN]: Warnings were found!
 - Mod 'Dynamic FPS' (dynamic_fps) 3.11.6 recommends any version of cloth-config, which is missing!
	 - You should install any version of cloth-config for the optimal experience.
 - Mod 'Sodium Extra' (sodium-extra) 0.8.7+mc26.1.1 recommends version 1.8.5 or later of reeses-sodium-options, which is missing!
	 - You should install version 1.8.5 or later of reeses-sodium-options for the optimal experience.
[05:21:30] [main/INFO]: Loading 66 mods:
	- dynamic_fps 3.11.6
	   |-- dynamic_fps_common 3.11.6
	   \-- net_lostluma_battery 2.0.0
	- entityculling 1.10.1
	   |-- transition 1.0.17
	   \-- trender 1.0.12
	- fabric-api 0.147.0+26.1.2
	   |-- fabric-api-base 2.0.3+ece063234c
	   |-- fabric-api-lookup-api-v1 2.0.11+d5a053b64c
	   |-- fabric-biome-api-v1 18.0.4+35c80edc4c
	   |-- fabric-block-api-v1 3.0.2+ec56b6014c
	   |-- fabric-block-getter-api-v2 2.0.6+ec56b6014c
	   |-- fabric-command-api-v2 3.0.5+e2bdee784c
	   |-- fabric-content-registries-v0 11.0.13+d871b99e4c
	   |-- fabric-convention-tags-v2 4.5.0+4e71cda84c
	   |-- fabric-crash-report-info-v1 1.0.3+9f78a5a84c
	   |-- fabric-creative-tab-api-v1 5.0.10+d871b99e4c
	   |-- fabric-data-attachment-api-v1 2.2.4+d602a8964c
	   |-- fabric-data-generation-api-v1 24.0.19+35c80edc4c
	   |-- fabric-debug-api-v1 1.0.1+c792624d4c
	   |-- fabric-dimensions-v1 5.1.5+9cbf5da54c
	   |-- fabric-entity-events-v1 5.0.2+e2bdee784c
	   |-- fabric-events-interaction-v0 5.1.10+c82f04614c
	   |-- fabric-game-rule-api-v1 4.0.5+d871b99e4c
	   |-- fabric-item-api-v1 14.1.1+73d134684c
	   |-- fabric-key-mapping-api-v1 2.0.4+e2bdee784c
	   |-- fabric-lifecycle-events-v1 4.1.0+6d50a0854c
	   |-- fabric-loot-api-v3 3.0.11+00a1fba64c
	   |-- fabric-menu-api-v1 2.0.12+d871b99e4c
	   |-- fabric-message-api-v1 7.0.5+dae8ce3e4c
	   |-- fabric-model-loading-api-v1 8.0.5+c80601bb4c
	   |-- fabric-networking-api-v1 6.3.0+50a808ce4c
	   |-- fabric-object-builder-api-v1 23.0.14+b95dd56e4c
	   |-- fabric-particles-v1 5.0.14+b61fef434c
	   |-- fabric-recipe-api-v1 9.0.14+be4b75ae4c
	   |-- fabric-registry-sync-v0 7.0.12+b61fef434c
	   |-- fabric-renderer-api-v1 13.0.2+c80601bb4c
	   |-- fabric-renderer-indigo 8.0.4+a6be36ef4c
	   |-- fabric-rendering-fluids-v1 6.0.1+d871b99e4c
	   |-- fabric-rendering-v1 23.0.6+08c26e364c
	   |-- fabric-resource-conditions-api-v1 6.0.5+00a1fba64c
	   |-- fabric-resource-loader-v0 3.3.16+4fc5413f4c
	   |-- fabric-resource-loader-v1 2.0.9+d871b99e4c
	   |-- fabric-screen-api-v1 5.0.1+d871b99e4c
	   |-- fabric-serialization-api-v1 2.0.3+11a26f314c
	   |-- fabric-sound-api-v1 2.0.4+11a26f314c
	   |-- fabric-tag-api-v1 2.0.9+11a26f314c
	   |-- fabric-transfer-api-v1 8.0.5+357ea7334c
	   \-- fabric-transitive-access-wideners-v1 8.0.11+d871b99e4c
	- fabricloader 0.19.2
	   \-- mixinextras 0.5.4
	- ferritecore 9.0.0
	- immediatelyfast 1.15.2+26.1.2
	   \-- net_lenni0451_reflect 1.6.2
	- iris 1.10.9+mc26.1.1
	   |-- io_github_douira_glsl-transformer 3.0.0-pre3
	   |-- org_anarres_jcpp 1.4.14
	   \-- org_antlr_antlr4-runtime 4.13.1
	- java 25
	- koshey-hack 1.0.0
	- lithium 0.24.2+mc26.1.2
	- minecraft 26.1.1
	- modmenu 18.0.0-alpha.8
	- placeholder-api 3.0.0+26.1
	- sodium 0.8.9+mc26.1.1
	- sodium-extra 0.8.7+mc26.1.1
[05:21:30] [main/INFO]: SpongePowered MIXIN Subsystem Version=0.8.7 Source=file:/C:/Users/sseke/AppData/Roaming/PrismLauncher/libraries/net/fabricmc/sponge-mixin/0.17.2+mixin.0.8.7/sponge-mixin-0.17.2+mixin.0.8.7.jar Service=Knot/Fabric Env=CLIENT
[05:21:31] [main/INFO]: Compatibility level set to JAVA_16
[05:21:31] [main/INFO]: Compatibility level set to JAVA_25
[05:21:31] [main/WARN]: Reference map 'entityculling.refmap.mixins.json' for entityculling.mixins.json could not be read. If this is a development environment you can ignore this message
[05:21:31] [main/WARN]: Reference map 'iris.refmap.json' for mixins.iris.json could not be read. If this is a development environment you can ignore this message
[05:21:31] [main/WARN]: Reference map 'iris-fabric.refmap.json' for mixins.iris.fabric.json could not be read. If this is a development environment you can ignore this message
[05:21:31] [main/WARN]: Reference map 'iris.refmap.json' for mixins.iris.vertexformat.json could not be read. If this is a development environment you can ignore this message
[05:21:31] [main/WARN]: Reference map 'iris.refmap.json' for mixins.iris.bettermipmaps.json could not be read. If this is a development environment you can ignore this message
[05:21:31] [main/WARN]: Reference map 'iris.refmap.json' for mixins.iris.compat.sodium.json could not be read. If this is a development environment you can ignore this message
[05:21:31] [main/WARN]: Reference map 'iris.refmap.json' for mixins.iris.fixes.maxfpscrash.json could not be read. If this is a development environment you can ignore this message
[05:21:31] [main/WARN]: Reference map 'koshey-hack.refmap.json' for koshey-hack.client.mixins.json could not be read. If this is a development environment you can ignore this message
[05:21:31] [main/INFO]: Loaded configuration file for Lithium: 168 options available, 0 override(s) found.
[05:21:31] [main/INFO]: Loaded configuration file for Sodium: 35 options available, 1 override(s) found
[05:21:31] [main/INFO]: Loaded configuration file for Sodium Extra: 26 options available, 0 override(s) found
[05:21:33] [main/WARN]: Force-disabling mixin 'features.render.world.sky.LevelRendererMixin' as rule 'mixin.features.render.world.sky' (added by mods [iris]) disables it and children
[05:21:33] [main/INFO]: Searching for graphics cards...
[05:21:33] [main/INFO]: Found graphics adapter: AdapterInfo{vendor=NVIDIA, description='NVIDIA GeForce GTX 1650', adapterType=0x00002313, openglIcdFilePath='C:\WINDOWS\System32\DriverStore\FileRepository\nvami.inf_amd64_6500d522050c027d\nvoglv64.dll', openglIcdVersion=32.0.15.9579}
[05:21:33] [main/INFO]: Found graphics adapter: AdapterInfo{vendor=INTEL, description='Intel(R) UHD Graphics', adapterType=0x0000232B, openglIcdFilePath='C:\WINDOWS\System32\DriverStore\FileRepository\iigd_dch.inf_amd64_5663d448badd4b3f\ig9icd64.dll', openglIcdVersion=31.0.101.2137}
[05:21:33] [main/WARN]: Sodium has applied one or more workarounds to prevent crashes or other issues on your system: [NVIDIA_THREADED_OPTIMIZATIONS_BROKEN]
[05:21:33] [main/WARN]: This is not necessarily an issue, but it may result in certain features or optimizations being disabled. You can sometimes fix these issues by upgrading your graphics driver.
[05:21:34] [main/INFO]: Initializing MixinExtras via com.llamalad7.mixinextras.service.MixinExtrasServiceImpl(version=0.5.4).
[05:21:35] [Datafixer Bootstrap/INFO]: 291 Datafixer optimizations took 549 milliseconds
[05:21:42] [Render thread/INFO]: Environment: Environment[sessionHost=https://sessionserver.mojang.com, servicesHost=https://api.minecraftservices.com, profilesHost=https://api.mojang.com, name=PROD]
[05:21:42] [Render thread/INFO]: Setting user: CreatorXyev
[05:21:42] [Render thread/INFO]: [Indigo] Different rendering plugin detected; not applying Indigo.
[05:21:43] [Render thread/INFO]: Checking mod updates...
[05:21:43] [Render thread/INFO]: [STDOUT]: [LibGui] Initializing Client...
[05:21:44] [Render thread/INFO]: Backend library: LWJGL version 3.4.1-snapshot
[05:21:44] [Render thread/WARN]: Detected unexpected shutdown during last game startup: resetting fullscreen mode
[05:21:44] [Render thread/INFO]: Modifying process environment to apply workarounds for the NVIDIA graphics driver...
[05:21:45] [ForkJoinPool.commonPool-worker-1/WARN]: [Iris Update Check] This version doesn't have an update index, skipping.
[05:21:45] [Render thread/INFO]: Initializing ImmediatelyFast 1.15.2+26.1.2 on NVIDIA GeForce GTX 1650/PCIe/SSE2 (NVIDIA Corporation) with OpenGL 3.3.0 NVIDIA 595.79
[05:21:45] [Render thread/INFO]: Found Iris 1.10.9+mc26.1.1. Enabling compatibility.
[05:21:45] [Render thread/INFO]: Debug functionality is disabled.
[05:21:45] [Render thread/INFO]: ARB_direct_state_access detected, enabling DSA.
[05:21:45] [Render thread/INFO]: Shaders are disabled because no valid shaderpack is selected
[05:21:45] [Render thread/INFO]: OpenGL Vendor: NVIDIA Corporation
[05:21:46] [Render thread/INFO]: OpenGL Renderer: NVIDIA GeForce GTX 1650/PCIe/SSE2
[05:21:46] [Render thread/INFO]: OpenGL Version: 3.3.0 NVIDIA 595.79
[05:21:46] [Render thread/INFO]: Using optional rendering extensions: GL_ARB_buffer_storage, GL_KHR_debug, GL_ARB_vertex_attrib_binding, GL_ARB_direct_state_access, GL_EXT_texture_filter_anisotropic
[05:21:48] [Render thread/INFO]: Hardware information:
[05:21:48] [Render thread/INFO]: CPU: 8x Intel(R) Core(TM) i5-10300H CPU @ 2.50GHz
[05:21:48] [Render thread/INFO]: GPU: NVIDIA GeForce GTX 1650/PCIe/SSE2 (Supports OpenGL 3.3.0 NVIDIA 595.79)
[05:21:48] [Render thread/INFO]: OS: Windows 11 (10.0)
[05:21:48] [Render thread/ERROR]: Mixin apply for mod koshey-hack failed koshey-hack.client.mixins.json:GuiMixin from mod koshey-hack -> net.minecraft.client.gui.Gui: org.spongepowered.asm.mixin.injection.throwables.InvalidInjectionException Critical injection failure: @Inject annotation on onRenderHUD could not find any targets matching 'render' in net/minecraft/client/gui/Gui. No refMap loaded. [INJECT_PREPARE Applicator Phase -> koshey-hack.client.mixins.json:GuiMixin from mod koshey-hack -> Prepare Injections -> handler$blc000$koshey-hack$onRenderHUD(Lcom/mojang/blaze3d/vertex/PoseStack;FLorg/spongepowered/asm/mixin/injection/callback/CallbackInfo;)V -> Parse ->  -> Validate Targets]
org.spongepowered.asm.mixin.injection.throwables.InvalidInjectionException: Critical injection failure: @Inject annotation on onRenderHUD could not find any targets matching 'render' in net/minecraft/client/gui/Gui. No refMap loaded. [INJECT_PREPARE Applicator Phase -> koshey-hack.client.mixins.json:GuiMixin from mod koshey-hack -> Prepare Injections -> handler$blc000$koshey-hack$onRenderHUD(Lcom/mojang/blaze3d/vertex/PoseStack;FLorg/spongepowered/asm/mixin/injection/callback/CallbackInfo;)V -> Parse ->  -> Validate Targets]
	at org.spongepowered.asm.mixin.injection.selectors.TargetSelectors.validate(TargetSelectors.java:346)
	at org.spongepowered.asm.mixin.injection.struct.InjectionInfo.readAnnotation(InjectionInfo.java:369)
	at org.spongepowered.asm.mixin.injection.struct.InjectionInfo.<init>(InjectionInfo.java:340)
	at org.spongepowered.asm.mixin.injection.struct.InjectionInfo.<init>(InjectionInfo.java:331)
	at org.spongepowered.asm.mixin.injection.struct.CallbackInjectionInfo.<init>(CallbackInjectionInfo.java:48)
	at java.base/jdk.internal.reflect.DirectConstructorHandleAccessor.newInstance(DirectConstructorHandleAccessor.java:62)
	at java.base/java.lang.reflect.Constructor.newInstanceWithCaller(Constructor.java:499)
	at java.base/java.lang.reflect.Constructor.newInstance(Constructor.java:483)
	at org.spongepowered.asm.mixin.injection.struct.InjectionInfo$InjectorEntry.create(InjectionInfo.java:196)
	at org.spongepowered.asm.mixin.injection.struct.InjectionInfo.parse(InjectionInfo.java:664)
	at org.spongepowered.asm.mixin.transformer.MixinTargetContext.prepareInjections(MixinTargetContext.java:1386)
	at org.spongepowered.asm.mixin.transformer.MixinApplicatorStandard.prepareInjections(MixinApplicatorStandard.java:811)
	at org.spongepowered.asm.mixin.transformer.MixinApplicatorStandard.lambda$runApplicatorPass$1(MixinApplicatorStandard.java:303)
	at org.spongepowered.asm.mixin.transformer.MixinApplicatorStandard.processMixins(MixinApplicatorStandard.java:381)
	at org.spongepowered.asm.mixin.transformer.MixinApplicatorStandard.runApplicatorPass(MixinApplicatorStandard.java:300)
	at org.spongepowered.asm.mixin.transformer.MixinApplicatorStandard.apply(MixinApplicatorStandard.java:240)
	at org.spongepowered.asm.mixin.transformer.TargetClassContext.apply(TargetClassContext.java:437)
	at org.spongepowered.asm.mixin.transformer.TargetClassContext.applyMixins(TargetClassContext.java:418)
	at org.spongepowered.asm.mixin.transformer.MixinProcessor.applyMixins(MixinProcessor.java:351)
	at org.spongepowered.asm.mixin.transformer.MixinTransformer.transformClass(MixinTransformer.java:237)
	at org.spongepowered.asm.mixin.transformer.MixinTransformer.transformClassBytes(MixinTransformer.java:202)
	at net.fabricmc.loader.impl.launch.knot.KnotClassDelegate.getPostMixinClassByteArray(KnotClassDelegate.java:435)
	at net.fabricmc.loader.impl.launch.knot.KnotClassDelegate.tryLoadClass(KnotClassDelegate.java:336)
	at net.fabricmc.loader.impl.launch.knot.KnotClassDelegate.loadClass(KnotClassDelegate.java:231)
	at net.fabricmc.loader.impl.launch.knot.KnotClassLoader.loadClass(KnotClassLoader.java:119)
	at java.base/java.lang.ClassLoader.loadClass(ClassLoader.java:490)
	at knot//net.minecraft.client.Minecraft.<init>(Minecraft.java:682)
	at knot//net.minecraft.client.main.Main.main(Main.java:232)
	at net.fabricmc.loader.impl.game.minecraft.MinecraftGameProvider.launch(MinecraftGameProvider.java:514)
	at net.fabricmc.loader.impl.launch.knot.Knot.launch(Knot.java:72)
	at net.fabricmc.loader.impl.launch.knot.KnotClient.main(KnotClient.java:23)
	at org.prismlauncher.launcher.impl.StandardLauncher.launch(StandardLauncher.java:105)
	at org.prismlauncher.EntryPoint.listen(EntryPoint.java:129)
	at org.prismlauncher.EntryPoint.main(EntryPoint.java:70)
