[07:25:55] [main/WARN] (FabricLoader/Knot) Class path entries reference missing files: C:\Users\sseke\Downloads\untitled\build\classes\java\main, C:\Users\sseke\Downloads\untitled\build\resources\main - the game may not load properly!
[07:25:55] [main/INFO] (FabricLoader/GameProvider) Loading Minecraft 26.1.1 with Fabric Loader 0.19.2
[07:25:55] [main/INFO] (FabricLoader/Mappings) Mappings not present!
[07:25:56] [main/INFO] (FabricLoader) Loading 50 mods:
	- fabric-api 0.146.1+26.1.2
	- fabric-api-base 2.0.3+ece063234c
	- fabric-api-lookup-api-v1 2.0.10+d5a053b64c
	- fabric-biome-api-v1 18.0.4+35c80edc4c
	- fabric-block-api-v1 3.0.2+ec56b6014c
	- fabric-block-getter-api-v2 2.0.6+ec56b6014c
	- fabric-client-gametest-api-v1 5.0.15+d9ff3dfd4c
	- fabric-command-api-v2 3.0.5+e2bdee784c
	- fabric-content-registries-v0 11.0.12+d871b99e4c
	- fabric-convention-tags-v2 4.4.0+f006eade4c
	- fabric-crash-report-info-v1 1.0.3+9f78a5a84c
	- fabric-creative-tab-api-v1 5.0.10+d871b99e4c
	- fabric-data-attachment-api-v1 2.2.4+d602a8964c
	- fabric-data-generation-api-v1 24.0.18+35c80edc4c
	- fabric-debug-api-v1 1.0.1+c792624d4c
	- fabric-dimensions-v1 5.1.4+9cbf5da54c
	- fabric-entity-events-v1 5.0.2+e2bdee784c
	- fabric-events-interaction-v0 5.1.10+c82f04614c
	- fabric-game-rule-api-v1 4.0.5+d871b99e4c
	- fabric-gametest-api-v1 4.0.13+00a1fba64c
	- fabric-item-api-v1 14.1.0+9833182c4c
	- fabric-key-mapping-api-v1 2.0.4+e2bdee784c
	- fabric-lifecycle-events-v1 4.0.6+a9b9c1764c
	- fabric-loot-api-v3 3.0.11+00a1fba64c
	- fabric-menu-api-v1 2.0.12+d871b99e4c
	- fabric-message-api-v1 7.0.5+dae8ce3e4c
	- fabric-model-loading-api-v1 8.0.4+c80601bb4c
	- fabric-networking-api-v1 6.3.0+50a808ce4c
	- fabric-object-builder-api-v1 23.0.14+b95dd56e4c
	- fabric-particles-v1 5.0.14+b61fef434c
	- fabric-recipe-api-v1 9.0.13+be4b75ae4c
	- fabric-registry-sync-v0 7.0.12+b61fef434c
	- fabric-renderer-api-v1 13.0.1+c80601bb4c
	- fabric-renderer-indigo 8.0.3+a6be36ef4c
	- fabric-rendering-fluids-v1 6.0.1+d871b99e4c
	- fabric-rendering-v1 23.0.5+08c26e364c
	- fabric-resource-conditions-api-v1 6.0.5+00a1fba64c
	- fabric-resource-loader-v0 3.3.16+4fc5413f4c
	- fabric-resource-loader-v1 2.0.9+d871b99e4c
	- fabric-screen-api-v1 5.0.1+d871b99e4c
	- fabric-serialization-api-v1 2.0.3+11a26f314c
	- fabric-sound-api-v1 2.0.4+11a26f314c
	- fabric-tag-api-v1 2.0.9+11a26f314c
	- fabric-transfer-api-v1 8.0.4+357ea7334c
	- fabric-transitive-access-wideners-v1 8.0.11+d871b99e4c
	- fabricloader 0.19.2
	- java 25
	- koshey-hack 1.0.0
	- minecraft 26.1.1
	- mixinextras 0.5.4
[07:25:56] [main/WARN] (FabricLoader/ModRemap) Runtime mod remapping disabled due to no fabric.remapClasspathFile being specified. You may need to update loom.
[07:25:57] [main/INFO] (FabricLoader/Mixin) SpongePowered MIXIN Subsystem Version=0.8.7 Source=file:/C:/Users/sseke/.gradle/caches/modules-2/files-2.1/net.fabricmc/sponge-mixin/0.17.2+mixin.0.8.7/edf98d1d98229e46e36c61774ae2b54dcd852981/sponge-mixin-0.17.2+mixin.0.8.7.jar Service=Knot/Fabric Env=CLIENT
[07:25:57] [main/INFO] (FabricLoader/Mixin) Compatibility level set to JAVA_25
[07:25:57] [main/WARN] (FabricLoader/Mixin) Reference map 'koshey-hack.refmap.json' for koshey-hack.client.mixins.json could not be read. If this is a development environment you can ignore this message
[07:26:00] [main/INFO] (FabricLoader/MixinExtras|Service) Initializing MixinExtras via com.llamalad7.mixinextras.service.MixinExtrasServiceImpl(version=0.5.4).
[07:26:03] [Datafixer Bootstrap/INFO] (Minecraft) 291 Datafixer optimizations took 1179 milliseconds
[07:26:16] [Render thread/INFO] (Minecraft) Environment: Environment[sessionHost=https://sessionserver.mojang.com, servicesHost=https://api.minecraftservices.com, profilesHost=https://api.mojang.com, name=PROD]
[07:26:16] [Render thread/INFO] (Minecraft) Setting user: Player369
[07:26:18] [Download-2/ERROR] (Minecraft) Failed to fetch user properties
com.mojang.authlib.exceptions.InvalidCredentialsException: Status: 401
	at knot//com.mojang.authlib.exceptions.MinecraftClientHttpException.toAuthenticationException(MinecraftClientHttpException.java:59)
	at knot//com.mojang.authlib.yggdrasil.YggdrasilUserApiService.fetchProperties(YggdrasilUserApiService.java:150)
	at knot//net.minecraft.client.Minecraft.lambda$new$1(Minecraft.java:459)
	at java.base/java.util.concurrent.CompletableFuture$AsyncSupply.run(CompletableFuture.java:1789)
	at java.base/java.util.concurrent.ThreadPoolExecutor.runWorker(ThreadPoolExecutor.java:1090)
	at java.base/java.util.concurrent.ThreadPoolExecutor$Worker.run(ThreadPoolExecutor.java:614)
	at java.base/java.lang.Thread.run(Thread.java:1474)
Caused by: com.mojang.authlib.exceptions.MinecraftClientHttpException: Status: 401
	at knot//com.mojang.authlib.minecraft.client.MinecraftClient.readInputStream(MinecraftClient.java:103)
	at knot//com.mojang.authlib.minecraft.client.MinecraftClient.get(MinecraftClient.java:56)
	at knot//com.mojang.authlib.yggdrasil.YggdrasilUserApiService.fetchProperties(YggdrasilUserApiService.java:121)
	... 5 more
[07:26:18] [Render thread/INFO] (Indigo) [Indigo] Registering Indigo renderer!
[07:26:19] [Render thread/INFO] (Minecraft) Backend library: LWJGL version 3.4.1-snapshot
[07:26:24] [Render thread/INFO] (Minecraft) Using optional rendering extensions: GL_ARB_buffer_storage, GL_KHR_debug, GL_ARB_vertex_attrib_binding, GL_ARB_direct_state_access, GL_EXT_texture_filter_anisotropic
[07:26:26] [Render thread/INFO] (Minecraft) Reloading ResourceManager: vanilla, fabric-api, fabric-api-base, fabric-api-lookup-api-v1, fabric-biome-api-v1, fabric-block-api-v1, fabric-block-getter-api-v2, fabric-client-gametest-api-v1, fabric-command-api-v2, fabric-content-registries-v0, fabric-convention-tags-v2, fabric-crash-report-info-v1, fabric-creative-tab-api-v1, fabric-data-attachment-api-v1, fabric-data-generation-api-v1, fabric-debug-api-v1, fabric-dimensions-v1, fabric-entity-events-v1, fabric-events-interaction-v0, fabric-game-rule-api-v1, fabric-gametest-api-v1, fabric-item-api-v1, fabric-key-mapping-api-v1, fabric-lifecycle-events-v1, fabric-loot-api-v3, fabric-menu-api-v1, fabric-message-api-v1, fabric-model-loading-api-v1, fabric-networking-api-v1, fabric-object-builder-api-v1, fabric-particles-v1, fabric-recipe-api-v1, fabric-registry-sync-v0, fabric-renderer-api-v1, fabric-renderer-indigo, fabric-rendering-fluids-v1, fabric-rendering-v1, fabric-resource-conditions-api-v1, fabric-resource-loader-v0, fabric-resource-loader-v1, fabric-screen-api-v1, fabric-serialization-api-v1, fabric-sound-api-v1, fabric-tag-api-v1, fabric-transfer-api-v1, fabric-transitive-access-wideners-v1, fabricloader, koshey-hack
[07:26:27] [Download-2/INFO] (Minecraft) Could not authorize you against Realms server: java.lang.RuntimeException: Failed to parse into SignedJWT: FabricMC
[07:26:27] [Download-2/ERROR] (Minecraft) Failed to fetch Realms feature flags
com.mojang.realmsclient.exception.RealmsServiceException: Realms authentication error with message 'java.lang.RuntimeException: Failed to parse into SignedJWT: FabricMC'
	at knot//com.mojang.realmsclient.client.RealmsClient.execute(RealmsClient.java:526)
	at knot//com.mojang.realmsclient.client.RealmsClient.fetchFeatureFlags(RealmsClient.java:186)
	at java.base/java.util.concurrent.CompletableFuture$AsyncSupply.run(CompletableFuture.java:1789)
	at java.base/java.util.concurrent.ThreadPoolExecutor.runWorker(ThreadPoolExecutor.java:1090)
	at java.base/java.util.concurrent.ThreadPoolExecutor$Worker.run(ThreadPoolExecutor.java:614)
	at java.base/java.lang.Thread.run(Thread.java:1474)
[07:26:27] [Worker-Main-6/INFO] (Minecraft) Found unifont_pua-17.0.01.hex, loading
[07:26:27] [Worker-Main-5/INFO] (Minecraft) Found unifont_all_no_pua-17.0.01.hex, loading
[07:26:28] [Worker-Main-5/INFO] (Minecraft) Found unifont_jp_patch-17.0.01.hex, loading
[07:26:33] [Render thread/INFO] (Minecraft) OpenAL initialized on device OpenAL Soft on Наушники (WH-1000XM4)
[07:26:33] [Render thread/INFO] (Minecraft) Sound engine started
[07:26:33] [Render thread/INFO] (Minecraft) Created: 512x256x0 minecraft:textures/atlas/particles.png-atlas
[07:26:33] [Render thread/INFO] (Minecraft) Created: 128x128x0 minecraft:textures/atlas/decorated_pot.png-atlas
[07:26:33] [Render thread/INFO] (Minecraft) Created: 2048x1024x0 minecraft:textures/atlas/armor_trims.png-atlas
[07:26:33] [Render thread/INFO] (Minecraft) Created: 512x256x0 minecraft:textures/atlas/paintings.png-atlas
[07:26:33] [Render thread/INFO] (Minecraft) Created: 1024x512x0 minecraft:textures/atlas/shield_patterns.png-atlas
[07:26:33] [Render thread/INFO] (Minecraft) Created: 2048x2048x4 minecraft:textures/atlas/blocks.png-atlas
[07:26:36] [Render thread/INFO] (Minecraft) Created: 512x512x0 minecraft:textures/atlas/chest.png-atlas
[07:26:36] [Render thread/INFO] (Minecraft) Created: 256x128x0 minecraft:textures/atlas/celestials.png-atlas
[07:26:36] [Render thread/INFO] (Minecraft) Created: 1024x512x0 minecraft:textures/atlas/banner_patterns.png-atlas
[07:26:36] [Render thread/INFO] (Minecraft) Created: 512x512x0 minecraft:textures/atlas/beds.png-atlas
[07:26:36] [Render thread/INFO] (Minecraft) Created: 1024x512x0 minecraft:textures/atlas/items.png-atlas
[07:26:37] [Render thread/INFO] (Minecraft) Created: 1024x1024x0 minecraft:textures/atlas/gui.png-atlas
[07:26:37] [Render thread/INFO] (Minecraft) Created: 128x64x0 minecraft:textures/atlas/map_decorations.png-atlas
[07:26:37] [Render thread/INFO] (Minecraft) Created: 512x256x0 minecraft:textures/atlas/signs.png-atlas
[07:26:37] [Render thread/INFO] (Minecraft) Created: 512x512x0 minecraft:textures/atlas/shulker_boxes.png-atlas
[07:26:37] [IO-Worker-1/INFO] (Minecraft) Could not authorize you against Realms server: java.lang.RuntimeException: Failed to parse into SignedJWT: FabricMC
[07:26:37] [IO-Worker-1/ERROR] (Minecraft) Couldn't connect to realms
com.mojang.realmsclient.exception.RealmsServiceException: Realms authentication error with message 'java.lang.RuntimeException: Failed to parse into SignedJWT: FabricMC'
	at knot//com.mojang.realmsclient.client.RealmsClient.execute(RealmsClient.java:526)
	at knot//com.mojang.realmsclient.client.RealmsClient.clientCompatible(RealmsClient.java:307)
	at knot//com.mojang.realmsclient.RealmsAvailability.lambda$check$0(RealmsAvailability.java:48)
	at java.base/java.util.concurrent.CompletableFuture$AsyncSupply.run(CompletableFuture.java:1789)
	at java.base/java.util.concurrent.ThreadPoolExecutor.runWorker(ThreadPoolExecutor.java:1090)
	at java.base/java.util.concurrent.ThreadPoolExecutor$Worker.run(ThreadPoolExecutor.java:614)
	at java.base/java.lang.Thread.run(Thread.java:1474)
